1539104034905	mozrunner::runner	INFO	Running command: "C:\\Program Files (x86)\\Mozilla Firefox\\firefox.exe" "-marionette" "-foreground" "-no-remote" "-profile" "C:\\Users\\ADMINI~1\\AppData\\Local\\Temp\\rust_mozprofile.4trgqoZGJlDR"
1539104039335	Marionette	INFO	Listening on port 60206
1539104039876	Marionette	WARN	TLS certificate errors will be ignored for this session
JavaScript warning: https://images.zhaopin.cn/IHRNB/js/jquery-1.10.2.min.js, line 1: Using //@ to indicate sourceMappingURL pragmas is deprecated. Use //# instead
IPDL protocol error: Handler returned error code!

###!!! [Parent][DispatchAsyncMessage] Error: PLayerTransaction::Msg_ReleaseLayer Processing error: message was deserialized, but the handler returned false (indicating failure)

IPDL protocol error: Handler returned error code!

###!!! [Parent][DispatchAsyncMessage] Error: PLayerTransaction::Msg_ReleaseLayer Processing error: message was deserialized, but the handler returned false (indicating failure)

[Child 11672, Chrome_ChildThread] WARNING: pipe error: 109: file z:/build/build/src/ipc/chromium/src/chrome/common/ipc_channel_win.cc, line 346
[Child 11672, Chrome_ChildThread] WARNING: pipe error: 109: file z:/build/build/src/ipc/chromium/src/chrome/common/ipc_channel_win.cc, line 346
*** UTM:SVC TimerManager:registerTimer called after profile-before-change notification. Ignoring timer registration for id: telemetry_modules_ping

###!!! [Child][MessageChannel::SendAndWait] Error: Channel error: cannot send/recv

1539105059050	mozrunner::runner	INFO	Running command: "C:\\Program Files (x86)\\Mozilla Firefox\\firefox.exe" "-marionette" "-foreground" "-no-remote" "-profile" "C:\\Users\\ADMINI~1\\AppData\\Local\\Temp\\rust_mozprofile.8RYi2JHo6JEG"
1539105063297	Marionette	INFO	Listening on port 61863
1539105063698	Marionette	WARN	TLS certificate errors will be ignored for this session
JavaScript warning: https://images.zhaopin.cn/IHRNB/js/jquery-1.10.2.min.js, line 1: Using //@ to indicate sourceMappingURL pragmas is deprecated. Use //# instead
[Child 11152, Chrome_ChildThread] WARNING: pipe error: 109: file z:/build/build/src/ipc/chromium/src/chrome/common/ipc_channel_win.cc, line 346
IPDL protocol error: Handler returned error code!

###!!! [Parent][DispatchAsyncMessage] Error: PLayerTransaction::Msg_ReleaseLayer Processing error: message was deserialized, but the handler returned false (indicating failure)

IPDL protocol error: Handler returned error code!

###!!! [Parent][DispatchAsyncMessage] Error: PLayerTransaction::Msg_ReleaseLayer Processing error: message was deserialized, but the handler returned false (indicating failure)

*** UTM:SVC TimerManager:registerTimer called after profile-before-change notification. Ignoring timer registration for id: telemetry_modules_ping

###!!! [Child][MessageChannel::SendAndWait] Error: Channel error: cannot send/recv

1539105107715	mozrunner::runner	INFO	Running command: "C:\\Program Files (x86)\\Mozilla Firefox\\firefox.exe" "-marionette" "-foreground" "-no-remote" "-profile" "C:\\Users\\ADMINI~1\\AppData\\Local\\Temp\\rust_mozprofile.NAcJIvOoV3l8"
1539105112112	Marionette	INFO	Listening on port 61990
1539105112197	Marionette	WARN	TLS certificate errors will be ignored for this session
JavaScript warning: https://images.zhaopin.cn/IHRNB/js/jquery-1.10.2.min.js, line 1: Using //@ to indicate sourceMappingURL pragmas is deprecated. Use //# instead
*** UTM:SVC TimerManager:registerTimer called after profile-before-change notification. Ignoring timer registration for id: telemetry_modules_ping

###!!! [Child][MessageChannel::SendAndWait] Error: Channel error: cannot send/recv

1539105255713	mozrunner::runner	INFO	Running command: "C:\\Program Files (x86)\\Mozilla Firefox\\firefox.exe" "-marionette" "-foreground" "-no-remote" "-profile" "C:\\Users\\ADMINI~1\\AppData\\Local\\Temp\\rust_mozprofile.GrWUtmeZI9Po"
1539105260017	Marionette	INFO	Listening on port 62293
1539105260062	Marionette	WARN	TLS certificate errors will be ignored for this session
JavaScript warning: https://images.zhaopin.cn/IHRNB/js/jquery-1.10.2.min.js, line 1: Using //@ to indicate sourceMappingURL pragmas is deprecated. Use //# instead
[Parent 11044, Gecko_IOThread] WARNING: pipe error: 109: file z:/build/build/src/ipc/chromium/src/chrome/common/ipc_channel_win.cc, line 346
[Child 10272, Chrome_ChildThread] WARNING: pipe error: 109: file z:/build/build/src/ipc/chromium/src/chrome/common/ipc_channel_win.cc, line 346

###!!! [Child][MessageChannel] Error: (msgtype=0x48000E,name=PHttpChannel::Msg_DeletingChannel) Channel closing: too late to send/recv, messages will be lost

*** UTM:SVC TimerManager:registerTimer called after profile-before-change notification. Ignoring timer registration for id: telemetry_modules_ping

###!!! [Child][MessageChannel::SendAndWait] Error: Channel error: cannot send/recv

1539105720985	mozrunner::runner	INFO	Running command: "C:\\Program Files (x86)\\Mozilla Firefox\\firefox.exe" "-marionette" "-foreground" "-no-remote" "-profile" "C:\\Users\\ADMINI~1\\AppData\\Local\\Temp\\rust_mozprofile.rXN35w3zeWbu"
1539105725067	Marionette	INFO	Listening on port 62741
1539105725352	Marionette	WARN	TLS certificate errors will be ignored for this session
JavaScript warning: https://images.zhaopin.cn/IHRNB/js/jquery-1.10.2.min.js, line 1: Using //@ to indicate sourceMappingURL pragmas is deprecated. Use //# instead
JavaScript error: resource://devtools/shared/base-loader.js -> resource://devtools/server/actors/highlighters/box-model.js, line 416: TypeError: quads is undefined
JavaScript error: resource://devtools/shared/base-loader.js -> resource://devtools/server/actors/highlighters/box-model.js, line 416: TypeError: quads is undefined
JavaScript error: resource://devtools/shared/base-loader.js -> resource://devtools/server/actors/highlighters/box-model.js, line 416: TypeError: quads is undefined
JavaScript error: resource://devtools/shared/base-loader.js -> resource://devtools/server/actors/highlighters/box-model.js, line 416: TypeError: quads is undefined
JavaScript error: resource://devtools/shared/base-loader.js -> resource://devtools/server/actors/highlighters/box-model.js, line 416: TypeError: quads is undefined
JavaScript error: resource://devtools/shared/base-loader.js -> resource://devtools/server/actors/highlighters/box-model.js, line 416: TypeError: quads is undefined
JavaScript error: resource://devtools/shared/base-loader.js -> resource://devtools/server/actors/highlighters/box-model.js, line 416: TypeError: quads is undefined
JavaScript error: resource://devtools/shared/base-loader.js -> resource://devtools/server/actors/highlighters/box-model.js, line 416: TypeError: quads is undefined
IPDL protocol error: Handler returned error code!

###!!! [Parent][DispatchAsyncMessage] Error: PLayerTransaction::Msg_ReleaseLayer Processing error: message was deserialized, but the handler returned false (indicating failure)

IPDL protocol error: Handler returned error code!

###!!! [Parent][DispatchAsyncMessage] Error: PLayerTransaction::Msg_ReleaseLayer Processing error: message was deserialized, but the handler returned false (indicating failure)

IPDL protocol error: Handler returned error code!

###!!! [Parent][DispatchAsyncMessage] Error: PLayerTransaction::Msg_ReleaseLayer Processing error: message was deserialized, but the handler returned false (indicating failure)

IPDL protocol error: Handler returned error code!

###!!! [Parent][DispatchAsyncMessage] Error: PLayerTransaction::Msg_ReleaseLayer Processing error: message was deserialized, but the handler returned false (indicating failure)

IPDL protocol error: Handler returned error code!

###!!! [Parent][DispatchAsyncMessage] Error: PLayerTransaction::Msg_ReleaseLayer Processing error: message was deserialized, but the handler returned false (indicating failure)

IPDL protocol error: Handler returned error code!

###!!! [Parent][DispatchAsyncMessage] Error: PLayerTransaction::Msg_ReleaseLayer Processing error: message was deserialized, but the handler returned false (indicating failure)

IPDL protocol error: Handler returned error code!

###!!! [Parent][DispatchAsyncMessage] Error: PLayerTransaction::Msg_ReleaseLayer Processing error: message was deserialized, but the handler returned false (indicating failure)

[Child 1724, Chrome_ChildThread] WARNING: pipe error: 109: file z:/build/build/src/ipc/chromium/src/chrome/common/ipc_channel_win.cc, line 346

###!!! [Child][MessageChannel::SendAndWait] Error: Channel error: cannot send/recv

ound" "-no-remote" "-profile" "C:\\Users\\ADMINI~1\\AppData\\Local\\Temp\\rust_mozprofile.rLtTywX2xDNV"
1539106214031	Marionette	INFO	Listening on port 62998
1539106214639	Marionette	WARN	TLS certificate errors will be ignored for this session
JavaScript warning: https://images.zhaopin.cn/IHRNB/js/jquery-1.10.2.min.js, line 1: Using //@ to indicate sourceMappingURL pragmas is deprecated. Use //# instead
[Child 2896, Chrome_ChildThread] WARNING: pipe error: 109: file z:/build/build/src/ipc/chromium/src/chrome/common/ipc_channel_win.cc, line 346
[Child 2896, Chrome_ChildThread] WARNING: pipe error: 109: file z:/build/build/src/ipc/chromium/src/chrome/common/ipc_channel_win.cc, line 346
*** UTM:SVC TimerManager:registerTimer called after profile-before-change notification. Ignoring timer registration for id: telemetry_modules_ping

###!!! [Child][MessageChannel::SendAndWait] Error: Channel error: cannot send/recv

1539107547599	mozrunner::runner	INFO	Running command: "C:\\Program Files (x86)\\Mozilla Firefox\\firefox.exe" "-marionette" "-foreground" "-no-remote" "-profile" "C:\\Users\\ADMINI~1\\AppData\\Local\\Temp\\rust_mozprofile.2aU3rbGhAxXT"
1539107551900	Marionette	INFO	Listening on port 63086
1539107551937	Marionette	WARN	TLS certificate errors will be ignored for this session
JavaScript warning: https://images.zhaopin.cn/IHRNB/js/jquery-1.10.2.min.js, line 1: Using //@ to indicate sourceMappingURL pragmas is deprecated. Use //# instead
[Parent 4204, Gecko_IOThread] WARNING: pipe error: 109: file z:/build/build/src/ipc/chromium/src/chrome/common/ipc_channel_win.cc, line 346
[Child 5580, Chrome_ChildThread] WARNING: pipe error: 109: file z:/build/build/src/ipc/chromium/src/chrome/common/ipc_channel_win.cc, line 346

###!!! [Child][RunMessage] Error: Channel closing: too late to send/recv, messages will be lost


###!!! [Child][RunMessage] Error: Channel closing: too late to send/recv, messages will be lost

*** UTM:SVC TimerManager:registerTimer called after profile-before-change notification. Ignoring timer registration for id: telemetry_modules_ping

###!!! [Child][MessageChannel::SendAndWait] Error: Channel error: cannot send/recv

1539107650869	mozrunner::runner	INFO	Running command: "C:\\Program Files (x86)\\Mozilla Firefox\\firefox.exe" "-marionette" "-foreground" "-no-remote" "-profile" "C:\\Users\\ADMINI~1\\AppData\\Local\\Temp\\rust_mozprofile.preqfjXSNCt1"
1539107654922	Marionette	INFO	Listening on port 63143
1539107655206	Marionette	WARN	TLS certificate errors will be ignored for this session
JavaScript warning: https://images.zhaopin.cn/IHRNB/js/jquery-1.10.2.min.js, line 1: Using //@ to indicate sourceMappingURL pragmas is deprecated. Use //# instead
[Child 10560, Chrome_ChildThread] WARNING: pipe error: 109: file z:/build/build/src/ipc/chromium/src/chrome/common/ipc_channel_win.cc, line 346
[Child 10560, Chrome_ChildThread] WARNING: pipe error: 109: file z:/build/build/src/ipc/chromium/src/chrome/common/ipc_channel_win.cc, line 346
*** UTM:SVC TimerManager:registerTimer called after profile-before-change notification. Ignoring timer registration for id: telemetry_modules_ping

###!!! [Child][MessageChannel::SendAndWait] Error: Channel error: cannot send/recv

1539107689431	mozrunner::runner	INFO	Running command: "C:\\Program Files (x86)\\Mozilla Firefox\\firefox.exe" "-marionette" "-foreground" "-no-remote" "-profile" "C:\\Users\\ADMINI~1\\AppData\\Local\\Temp\\rust_mozprofile.bR9AqaFlMmZm"
1539107693510	Marionette	INFO	Listening on port 63202
1539107693875	Marionette	WARN	TLS certificate errors will be ignored for this session
JavaScript warning: https://images.zhaopin.cn/IHRNB/js/jquery-1.10.2.min.js, line 1: Using //@ to indicate sourceMappingURL pragmas is deprecated. Use //# instead
[Child 11248, Chrome_ChildThread] WARNING: pipe error: 109: file z:/build/build/src/ipc/chromium/src/chrome/common/ipc_channel_win.cc, line 346
[Child 11248, Chrome_ChildThread] WARNING: pipe error: 109: file z:/build/build/src/ipc/chromium/src/chrome/common/ipc_channel_win.cc, line 346
[Child 4304, Chrome_ChildThread] WARNING: pipe error: 109: file z:/build/build/src/ipc/chromium/src/chrome/common/ipc_channel_win.cc, line 346

###!!! [Child][RunMessage] Error: Channel closing: too late to send/recv, messages will be lost

*** UTM:SVC TimerManager:registerTimer called after profile-before-change notification. Ignoring timer registration for id: telemetry_modules_ping

###!!! [Child][MessageChannel::SendAndWait] Error: Channel error: cannot send/recv

1539107941108	mozrunner::runner	INFO	Running command: "C:\\Program Files (x86)\\Mozilla Firefox\\firefox.exe" "-marionette" "-foreground" "-no-remote" "-profile" "C:\\Users\\ADMINI~1\\AppData\\Local\\Temp\\rust_mozprofile.jcXr5JB7ayrF"
1539107945299	Marionette	INFO	Listening on port 63292
1539107945638	Marionette	WARN	TLS certificate errors will be ignored for this session
JavaScript warning: https://images.zhaopin.cn/IHRNB/js/jquery-1.10.2.min.js, line 1: Using //@ to indicate sourceMappingURL pragmas is deprecated. Use //# instead
[Child 11560, Chrome_ChildThread] WARNING: pipe error: 109: file z:/build/build/src/ipc/chromium/src/chrome/common/ipc_channel_win.cc, line 346
[Child 11560, Chrome_ChildThread] WARNING: pipe error: 109: file z:/build/build/src/ipc/chromium/src/chrome/common/ipc_channel_win.cc, line 346
*** UTM:SVC TimerManager:registerTimer called after profile-before-change notification. Ignoring timer registration for id: telemetry_modules_ping

###!!! [Child][MessageChannel::SendAndWait] Error: Channel error: cannot send/recv

1539107992910	mozrunner::runner	INFO	Running command: "C:\\Program Files (x86)\\Mozilla Firefox\\firefox.exe" "-marionette" "-foreground" "-no-remote" "-profile" "C:\\Users\\ADMINI~1\\AppData\\Local\\Temp\\rust_mozprofile.aqREG2QILFaf"
1539107997205	Marionette	INFO	Listening on port 63351
1539107997559	Marionette	WARN	TLS certificate errors will be ignored for this session
JavaScript warning: https://images.zhaopin.cn/IHRNB/js/jquery-1.10.2.min.js, line 1: Using //@ to indicate sourceMappingURL pragmas is deprecated. Use //# instead
[Child 12336, Chrome_ChildThread] WARNING: pipe error: 109: file z:/build/build/src/ipc/chromium/src/chrome/common/ipc_channel_win.cc, line 346
[Child 12336, Chrome_ChildThread] WARNING: pipe error: 109: file z:/build/build/src/ipc/chromium/src/chrome/common/ipc_channel_win.cc, line 346
*** UTM:SVC TimerManager:registerTimer called after profile-before-change notification. Ignoring timer registration for id: telemetry_modules_ping

###!!! [Child][MessageChannel::SendAndWait] Error: Channel error: cannot send/recv

1539108055663	mozrunner::runner	INFO	Running command: "C:\\Program Files (x86)\\Mozilla Firefox\\firefox.exe" "-marionette" "-foreground" "-no-remote" "-profile" "C:\\Users\\ADMINI~1\\AppData\\Local\\Temp\\rust_mozprofile.T2vDmJibpkVl"
1539108059790	Marionette	INFO	Listening on port 63412
1539108060232	Marionette	WARN	TLS certificate errors will be ignored for this session
JavaScript warning: https://images.zhaopin.cn/IHRNB/js/jquery-1.10.2.min.js, line 1: Using //@ to indicate sourceMappingURL pragmas is deprecated. Use //# instead
*** UTM:SVC TimerManager:registerTimer called after profile-before-change notification. Ignoring timer registration for id: telemetry_modules_ping

###!!! [Child][MessageChannel::SendAndWait] Error: Channel error: cannot send/recv

1539108133886	mozrunner::runner	INFO	Running command: "C:\\Program Files (x86)\\Mozilla Firefox\\firefox.exe" "-marionette" "-foreground" "-no-remote" "-profile" "C:\\Users\\ADMINI~1\\AppData\\Local\\Temp\\rust_mozprofile.Ep1ebtDFJ0Uy"
1539108138018	Marionette	INFO	Listening on port 63472
1539108138481	Marionette	WARN	TLS certificate errors will be ignored for this session
JavaScript warning: https://images.zhaopin.cn/IHRNB/js/jquery-1.10.2.min.js, line 1: Using //@ to indicate sourceMappingURL pragmas is deprecated. Use //# instead
[Child 10404, Chrome_ChildThread] WARNING: pipe error: 109: file z:/build/build/src/ipc/chromium/src/chrome/common/ipc_channel_win.cc, line 346
*** UTM:SVC TimerManager:registerTimer called after profile-before-change notification. Ignoring timer registration for id: telemetry_modules_ping

###!!! [Child][MessageChannel::SendAndWait] Error: Channel error: cannot send/recv

1539108159414	mozrunner::runner	INFO	Running command: "C:\\Program Files (x86)\\Mozilla Firefox\\firefox.exe" "-marionette" "-foreground" "-no-remote" "-profile" "C:\\Users\\ADMINI~1\\AppData\\Local\\Temp\\rust_mozprofile.33wnedk4kkOQ"
1539108163533	Marionette	INFO	Listening on port 63532
1539108163922	Marionette	WARN	TLS certificate errors will be ignored for this session
JavaScript warning: https://images.zhaopin.cn/IHRNB/js/jquery-1.10.2.min.js, line 1: Using //@ to indicate sourceMappingURL pragmas is deprecated. Use //# instead

###!!! [Child][RunMessage] Error: Channel closing: too late to send/recv, messages will be lost


###!!! [Child][RunMessage] Error: Channel closing: too late to send/recv, messages will be lost

*** UTM:SVC TimerManager:registerTimer called after profile-before-change notification. Ignoring timer registration for id: telemetry_modules_ping

###!!! [Child][MessageChannel::SendAndWait] Error: Channel error: cannot send/recv

1539108311270	mozrunner::runner	INFO	Running command: "C:\\Program Files (x86)\\Mozilla Firefox\\firefox.exe" "-marionette" "-foreground" "-no-remote" "-profile" "C:\\Users\\ADMINI~1\\AppData\\Local\\Temp\\rust_mozprofile.vqePUg4dpx1x"
1539108315507	Marionette	INFO	Listening on port 63592
1539108315741	Marionette	WARN	TLS certificate errors will be ignored for this session
JavaScript warning: https://images.zhaopin.cn/IHRNB/js/jquery-1.10.2.min.js, line 1: Using //@ to indicate sourceMappingURL pragmas is deprecated. Use //# instead
[Child 7640, Chrome_ChildThread] WARNING: pipe error: 109: file z:/build/build/src/ipc/chromium/src/chrome/common/ipc_channel_win.cc, line 346
[Child 4100, Chrome_ChildThread] WARNING: pipe error: 109: file z:/build/build/src/ipc/chromium/src/chrome/common/ipc_channel_win.cc, line 346

###!!! [Child][RunMessage] Error: Channel closing: too late to send/recv, messages will be lost


###!!! [Child][MessageChannel] Error: (msgtype=0x2C00AF,name=PContent::Msg_ScriptError) Channel closing: too late to send/recv, messages will be lost


###!!! [Child][RunMessage] Error: Channel closing: too late to send/recv, messages will be lost

*** UTM:SVC TimerManager:registerTimer called after profile-before-change notification. Ignoring timer registration for id: telemetry_modules_ping

###!!! [Child][MessageChannel::SendAndWait] Error: Channel error: cannot send/recv

1539108430647	mozrunner::runner	INFO	Running command: "C:\\Program Files (x86)\\Mozilla Firefox\\firefox.exe" "-marionette" "-foreground" "-no-remote" "-profile" "C:\\Users\\ADMINI~1\\AppData\\Local\\Temp\\rust_mozprofile.chddtEF2ya32"
1539108434919	Marionette	INFO	Listening on port 63650
1539108435242	Marionette	WARN	TLS certificate errors will be ignored for this session
JavaScript warning: https://images.zhaopin.cn/IHRNB/js/jquery-1.10.2.min.js, line 1: Using //@ to indicate sourceMappingURL pragmas is deprecated. Use //# instead
[Child 10992, Chrome_ChildThread] WARNING: pipe error: 109: file z:/build/build/src/ipc/chromium/src/chrome/common/ipc_channel_win.cc, line 346

###!!! [Child][RunMessage] Error: Channel closing: too late to send/recv, messages will be lost


###!!! [Child][RunMessage] Error: Channel closing: too late to send/recv, messages will be lost


###!!! [Child][RunMessage] Error: Channel closing: too late to send/recv, messages will be lost

[Child 864, Chrome_ChildThread] WARNING: pipe error: 109: file z:/build/build/src/ipc/chromium/src/chrome/common/ipc_channel_win.cc, line 346
[Child 864, Chrome_ChildThread] WARNING: pipe error: 109: file z:/build/build/src/ipc/chromium/src/chrome/common/ipc_channel_win.cc, line 346
*** UTM:SVC TimerManager:registerTimer called after profile-before-change notification. Ignoring timer registration for id: telemetry_modules_ping

###!!! [Child][MessageChannel::SendAndWait] Error: Channel error: cannot send/recv

1539108480383	mozrunner::runner	INFO	Running command: "C:\\Program Files (x86)\\Mozilla Firefox\\firefox.exe" "-marionette" "-foreground" "-no-remote" "-profile" "C:\\Users\\ADMINI~1\\AppData\\Local\\Temp\\rust_mozprofile.RXmKkTu5u3tg"
1539108484649	Marionette	INFO	Listening on port 63703
1539108484912	Marionette	WARN	TLS certificate errors will be ignored for this session
JavaScript warning: https://images.zhaopin.cn/IHRNB/js/jquery-1.10.2.min.js, line 1: Using //@ to indicate sourceMappingURL pragmas is deprecated. Use //# instead
*** UTM:SVC TimerManager:registerTimer called after profile-before-change notification. Ignoring timer registration for id: telemetry_modules_ping

###!!! [Child][MessageChannel::SendAndWait] Error: Channel error: cannot send/recv

1539108518838	mozrunner::runner	INFO	Running command: "C:\\Program Files (x86)\\Mozilla Firefox\\firefox.exe" "-marionette" "-foreground" "-no-remote" "-profile" "C:\\Users\\ADMINI~1\\AppData\\Local\\Temp\\rust_mozprofile.DafwxIdNKWF1"
1539108523255	Marionette	INFO	Listening on port 63760
1539108523756	Marionette	WARN	TLS certificate errors will be ignored for this session
JavaScript warning: https://images.zhaopin.cn/IHRNB/js/jquery-1.10.2.min.js, line 1: Using //@ to indicate sourceMappingURL pragmas is deprecated. Use //# instead
[Child 9556, Chrome_ChildThread] WARNING: pipe error: 109: file z:/build/build/src/ipc/chromium/src/chrome/common/ipc_channel_win.cc, line 346
[Child 9556, Chrome_ChildThread] WARNING: pipe error: 109: file z:/build/build/src/ipc/chromium/src/chrome/common/ipc_channel_win.cc, line 346
*** UTM:SVC TimerManager:registerTimer called after profile-before-change notification. Ignoring timer registration for id: telemetry_modules_ping

###!!! [Child][MessageChannel::SendAndWait] Error: Channel error: cannot send/recv

1539108923062	mozrunner::runner	INFO	Running command: "C:\\Program Files (x86)\\Mozilla Firefox\\firefox.exe" "-marionette" "-foreground" "-no-remote" "-profile" "C:\\Users\\ADMINI~1\\AppData\\Local\\Temp\\rust_mozprofile.FFTe3NEBBYsP"
1539108927349	Marionette	INFO	Listening on port 63823
1539108927382	Marionette	WARN	TLS certificate errors will be ignored for this session
JavaScript warning: https://images.zhaopin.cn/IHRNB/js/jquery-1.10.2.min.js, line 1: Using //@ to indicate sourceMappingURL pragmas is deprecated. Use //# instead

###!!! [Child][MessageChannel] Error: (msgtype=0x48000E,name=PHttpChannel::Msg_DeletingChannel) Channel closing: too late to send/recv, messages will be lost


###!!! [Child][RunMessage] Error: Channel closing: too late to send/recv, messages will be lost

[Parent 11804, Gecko_IOThread] WARNING: pipe error: 109: file z:/build/build/src/ipc/chromium/src/chrome/common/ipc_channel_win.cc, line 346
*** UTM:SVC TimerManager:registerTimer called after profile-before-change notification. Ignoring timer registration for id: telemetry_modules_ping

###!!! [Child][MessageChannel::SendAndWait] Error: Channel error: cannot send/recv

1539109073142	mozrunner::runner	INFO	Running command: "C:\\Program Files (x86)\\Mozilla Firefox\\firefox.exe" "-marionette" "-foreground" "-no-remote" "-profile" "C:\\Users\\ADMINI~1\\AppData\\Local\\Temp\\rust_mozprofile.YNrUld3ectZy"
1539109077379	Marionette	INFO	Listening on port 63883
1539109077831	Marionette	WARN	TLS certificate errors will be ignored for this session
JavaScript warning: https://images.zhaopin.cn/IHRNB/js/jquery-1.10.2.min.js, line 1: Using //@ to indicate sourceMappingURL pragmas is deprecated. Use //# instead
[Parent 13188, Gecko_IOThread] WARNING: pipe error: 109: file z:/build/build/src/ipc/chromium/src/chrome/common/ipc_channel_win.cc, line 346
*** UTM:SVC TimerManager:registerTimer called after profile-before-change notification. Ignoring timer registration for id: telemetry_modules_ping

###!!! [Child][MessageChannel::SendAndWait] Error: Channel error: cannot send/recv

1539109836226	mozrunner::runner	INFO	Running command: "C:\\Program Files (x86)\\Mozilla Firefox\\firefox.exe" "-marionette" "-foreground" "-no-remote" "-profile" "C:\\Users\\ADMINI~1\\AppData\\Local\\Temp\\rust_mozprofile.uDoDwsAPs28y"
1539109840650	Marionette	INFO	Listening on port 63967
1539109841152	Marionette	WARN	TLS certificate errors will be ignored for this session
JavaScript warning: https://images.zhaopin.cn/IHRNB/js/jquery-1.10.2.min.js, line 1: Using //@ to indicate sourceMappingURL pragmas is deprecated. Use //# instead
[Child 5560, Chrome_ChildThread] WARNING: pipe error: 109: file z:/build/build/src/ipc/chromium/src/chrome/common/ipc_channel_win.cc, line 346
*** UTM:SVC TimerManager:registerTimer called after profile-before-change notification. Ignoring timer registration for id: telemetry_modules_ping

###!!! [Child][MessageChannel::SendAndWait] Error: Channel error: cannot send/recv

1539110280144	mozrunner::runner	INFO	Running command: "C:\\Program Files (x86)\\Mozilla Firefox\\firefox.exe" "-marionette" "-foreground" "-no-remote" "-profile" "C:\\Users\\ADMINI~1\\AppData\\Local\\Temp\\rust_mozprofile.Xj823h844iVZ"
1539110284602	Marionette	INFO	Listening on port 64118
1539110285061	Marionette	WARN	TLS certificate errors will be ignored for this session
JavaScript warning: https://images.zhaopin.cn/IHRNB/js/jquery-1.10.2.min.js, line 1: Using //@ to indicate sourceMappingURL pragmas is deprecated. Use //# instead
[Child 12600, Chrome_ChildThread] WARNING: pipe error: 109: file z:/build/build/src/ipc/chromium/src/chrome/common/ipc_channel_win.cc, line 346
[Child 12600, Chrome_ChildThread] WARNING: pipe error: 109: file z:/build/build/src/ipc/chromium/src/chrome/common/ipc_channel_win.cc, line 346
*** UTM:SVC TimerManager:registerTimer called after profile-before-change notification. Ignoring timer registration for id: telemetry_modules_ping

###!!! [Child][MessageChannel::SendAndWait] Error: Channel error: cannot send/recv

1539135422571	mozrunner::runner	INFO	Running command: "C:\\Program Files (x86)\\Mozilla Firefox\\firefox.exe" "-marionette" "-foreground" "-no-remote" "-profile" "C:\\Users\\ADMINI~1\\AppData\\Local\\Temp\\rust_mozprofile.f2DgfONQTcTq"
1539135427137	Marionette	INFO	Listening on port 64711
1539135427732	Marionette	WARN	TLS certificate errors will be ignored for this session
JavaScript warning: https://images.zhaopin.cn/IHRNB/js/jquery-1.10.2.min.js, line 1: Using //@ to indicate sourceMappingURL pragmas is deprecated. Use //# instead
[Child 7620, Chrome_ChildThread] WARNING: pipe error: 109: file z:/build/build/src/ipc/chromium/src/chrome/common/ipc_channel_win.cc, line 346
[Child 7620, Chrome_ChildThread] WARNING: pipe error: 109: file z:/build/build/src/ipc/chromium/src/chrome/common/ipc_channel_win.cc, line 346
*** UTM:SVC TimerManager:registerTimer called after profile-before-change notification. Ignoring timer registration for id: telemetry_modules_ping

###!!! [Child][MessageChannel::SendAndWait] Error: Channel error: cannot send/recv

1539137811808	mozrunner::runner	INFO	Running command: "C:\\Program Files (x86)\\Mozilla Firefox\\firefox.exe" "-marionette" "-foreground" "-no-remote" "-profile" "C:\\Users\\ADMINI~1\\AppData\\Local\\Temp\\rust_mozprofile.DUSmhsmpp25q"
1539137815718	Marionette	INFO	Listening on port 64879
1539137816198	Marionette	WARN	TLS certificate errors will be ignored for this session
JavaScript warning: https://images.zhaopin.cn/IHRNB/js/jquery-1.10.2.min.js, line 1: Using //@ to indicate sourceMappingURL pragmas is deprecated. Use //# instead
[Child 3600, Chrome_ChildThread] WARNING: pipe error: 109: file z:/build/build/src/ipc/chromium/src/chrome/common/ipc_channel_win.cc, line 346

###!!! [Child][RunMessage] Error: Channel closing: too late to send/recv, messages will be lost

[Child 3600, Chrome_ChildThread] WARNING: pipe error: 109: file z:/build/build/src/ipc/chromium/src/chrome/common/ipc_channel_win.cc, line 346
*** UTM:SVC TimerManager:registerTimer called after profile-before-change notification. Ignoring timer registration for id: telemetry_modules_ping

###!!! [Child][MessageChannel::SendAndWait] Error: Channel error: cannot send/recv

1539137998457	mozrunner::runner	INFO	Running command: "C:\\Program Files (x86)\\Mozilla Firefox\\firefox.exe" "-marionette" "-foreground" "-no-remote" "-profile" "C:\\Users\\ADMINI~1\\AppData\\Local\\Temp\\rust_mozprofile.tQuCjSrKv6VL"
1539138002407	Marionette	INFO	Listening on port 64939
1539138002899	Marionette	WARN	TLS certificate errors will be ignored for this session
JavaScript warning: https://images.zhaopin.cn/IHRNB/js/jquery-1.10.2.min.js, line 1: Using //@ to indicate sourceMappingURL pragmas is deprecated. Use //# instead
[Child 9348, Chrome_ChildThread] WARNING: pipe error: 109: file z:/build/build/src/ipc/chromium/src/chrome/common/ipc_channel_win.cc, line 346
[Child 9348, Chrome_ChildThread] WARNING: pipe error: 109: file z:/build/build/src/ipc/chromium/src/chrome/common/ipc_channel_win.cc, line 346
[Child 9204, Chrome_ChildThread] WARNING: pipe error: 109: file z:/build/build/src/ipc/chromium/src/chrome/common/ipc_channel_win.cc, line 346
[Child 9204, Chrome_ChildThread] WARNING: pipe error: 109: file z:/build/build/src/ipc/chromium/src/chrome/common/ipc_channel_win.cc, line 346

###!!! [Child][RunMessage] Error: Channel closing: too late to send/recv, messages will be lost

*** UTM:SVC TimerManager:registerTimer called after profile-before-change notification. Ignoring timer registration for id: telemetry_modules_ping

###!!! [Child][MessageChannel::SendAndWait] Error: Channel error: cannot send/recv

1539138101015	mozrunner::runner	INFO	Running command: "C:\\Program Files (x86)\\Mozilla Firefox\\firefox.exe" "-marionette" "-foreground" "-no-remote" "-profile" "C:\\Users\\ADMINI~1\\AppData\\Local\\Temp\\rust_mozprofile.I4mz5OgtzrX8"
1539138104894	Marionette	INFO	Listening on port 65002
1539138105187	Marionette	WARN	TLS certificate errors will be ignored for this session
JavaScript warning: https://images.zhaopin.cn/IHRNB/js/jquery-1.10.2.min.js, line 1: Using //@ to indicate sourceMappingURL pragmas is deprecated. Use //# instead
*** UTM:SVC TimerManager:registerTimer called after profile-before-change notification. Ignoring timer registration for id: telemetry_modules_ping

###!!! [Child][MessageChannel::SendAndWait] Error: Channel error: cannot send/recv

1539139813247	mozrunner::runner	INFO	Running command: "C:\\Program Files (x86)\\Mozilla Firefox\\firefox.exe" "-marionette" "-foreground" "-no-remote" "-profile" "C:\\Users\\ADMINI~1\\AppData\\Local\\Temp\\rust_mozprofile.7t4bv2hNlew3"
1539139817263	Marionette	INFO	Listening on port 49323
1539139817705	Marionette	WARN	TLS certificate errors will be ignored for this session
JavaScript warning: https://images.zhaopin.cn/IHRNB/js/jquery-1.10.2.min.js, line 1: Using //@ to indicate sourceMappingURL pragmas is deprecated. Use //# instead
[Child 10192, Chrome_ChildThread] WARNING: pipe error: 109: file z:/build/build/src/ipc/chromium/src/chrome/common/ipc_channel_win.cc, line 346
[Child 10192, Chrome_ChildThread] WARNING: pipe error: 109: file z:/build/build/src/ipc/chromium/src/chrome/common/ipc_channel_win.cc, line 346

###!!! [Child][MessageChannel] Error: (msgtype=0x540027,name=PNecko::Msg_RemoveRequestContext) Channel closing: too late to send/recv, messages will be lost

[Child 12996, Chrome_ChildThread] WARNING: pipe error: 109: file z:/build/build/src/ipc/chromium/src/chrome/common/ipc_channel_win.cc, line 346
*** UTM:SVC TimerManager:registerTimer called after profile-before-change notification. Ignoring timer registration for id: telemetry_modules_ping

###!!! [Child][MessageChannel::SendAndWait] Error: Channel error: cannot send/recv

